{"C:\\Users\\Emrullah\\OneDrive\\Desktop\\MOTTO\\MottoPos\\src\\hooks\\pos\\useCart.ts": {"path":"C:\\Users\\Emrullah\\OneDrive\\Desktop\\MOTTO\\MottoPos\\src\\hooks\\pos\\useCart.ts","statementMap":{"0":{"start":{"line":49,"column":23},"end":{"line":175,"column":null}},"1":{"start":{"line":51,"column":24},"end":{"line":59,"column":null}},"2":{"start":{"line":52,"column":8},"end":{"line":58,"column":null}},"3":{"start":{"line":53,"column":30},"end":{"line":53,"column":null}},"4":{"start":{"line":54,"column":12},"end":{"line":54,"column":null}},"5":{"start":{"line":56,"column":12},"end":{"line":56,"column":null}},"6":{"start":{"line":57,"column":12},"end":{"line":57,"column":null}},"7":{"start":{"line":62,"column":4},"end":{"line":64,"column":null}},"8":{"start":{"line":63,"column":8},"end":{"line":63,"column":null}},"9":{"start":{"line":66,"column":42},"end":{"line":66,"column":null}},"10":{"start":{"line":67,"column":46},"end":{"line":67,"column":null}},"11":{"start":{"line":70,"column":10},"end":{"line":93,"column":null}},"12":{"start":{"line":71,"column":8},"end":{"line":71,"column":null}},"13":{"start":{"line":72,"column":8},"end":{"line":92,"column":null}},"14":{"start":{"line":73,"column":33},"end":{"line":78,"column":null}},"15":{"start":{"line":74,"column":16},"end":{"line":77,"column":null}},"16":{"start":{"line":80,"column":12},"end":{"line":91,"column":null}},"17":{"start":{"line":81,"column":16},"end":{"line":88,"column":null}},"18":{"start":{"line":82,"column":21},"end":{"line":87,"column":null}},"19":{"start":{"line":90,"column":16},"end":{"line":90,"column":null}},"20":{"start":{"line":96,"column":10},"end":{"line":107,"column":null}},"21":{"start":{"line":97,"column":8},"end":{"line":97,"column":null}},"22":{"start":{"line":97,"column":29},"end":{"line":97,"column":null}},"23":{"start":{"line":98,"column":8},"end":{"line":98,"column":null}},"24":{"start":{"line":99,"column":8},"end":{"line":106,"column":null}},"25":{"start":{"line":100,"column":12},"end":{"line":105,"column":null}},"26":{"start":{"line":101,"column":16},"end":{"line":103,"column":null}},"27":{"start":{"line":102,"column":20},"end":{"line":102,"column":null}},"28":{"start":{"line":104,"column":16},"end":{"line":104,"column":null}},"29":{"start":{"line":110,"column":10},"end":{"line":113,"column":null}},"30":{"start":{"line":111,"column":8},"end":{"line":111,"column":null}},"31":{"start":{"line":112,"column":8},"end":{"line":112,"column":null}},"32":{"start":{"line":112,"column":28},"end":{"line":112,"column":74}},"33":{"start":{"line":112,"column":52},"end":{"line":112,"column":73}},"34":{"start":{"line":116,"column":10},"end":{"line":121,"column":null}},"35":{"start":{"line":117,"column":8},"end":{"line":120,"column":null}},"36":{"start":{"line":118,"column":12},"end":{"line":118,"column":null}},"37":{"start":{"line":119,"column":12},"end":{"line":119,"column":null}},"38":{"start":{"line":124,"column":10},"end":{"line":129,"column":null}},"39":{"start":{"line":125,"column":8},"end":{"line":125,"column":null}},"40":{"start":{"line":125,"column":35},"end":{"line":125,"column":40}},"41":{"start":{"line":126,"column":8},"end":{"line":128,"column":null}},"42":{"start":{"line":127,"column":12},"end":{"line":127,"column":null}},"43":{"start":{"line":132,"column":10},"end":{"line":145,"column":null}},"44":{"start":{"line":133,"column":8},"end":{"line":144,"column":null}},"45":{"start":{"line":134,"column":31},"end":{"line":134,"column":null}},"46":{"start":{"line":135,"column":27},"end":{"line":135,"column":null}},"47":{"start":{"line":137,"column":12},"end":{"line":140,"column":null}},"48":{"start":{"line":138,"column":49},"end":{"line":138,"column":null}},"49":{"start":{"line":139,"column":16},"end":{"line":139,"column":null}},"50":{"start":{"line":141,"column":12},"end":{"line":141,"column":null}},"51":{"start":{"line":141,"column":33},"end":{"line":141,"column":null}},"52":{"start":{"line":143,"column":12},"end":{"line":143,"column":null}},"53":{"start":{"line":148,"column":10},"end":{"line":160,"column":null}},"54":{"start":{"line":149,"column":24},"end":{"line":152,"column":null}},"55":{"start":{"line":150,"column":28},"end":{"line":150,"column":null}},"56":{"start":{"line":151,"column":12},"end":{"line":151,"column":null}},"57":{"start":{"line":152,"column":26},"end":{"line":152,"column":43}},"58":{"start":{"line":154,"column":8},"end":{"line":154,"column":null}},"59":{"start":{"line":155,"column":8},"end":{"line":155,"column":null}},"60":{"start":{"line":157,"column":8},"end":{"line":159,"column":null}},"61":{"start":{"line":158,"column":12},"end":{"line":158,"column":null}},"62":{"start":{"line":162,"column":4},"end":{"line":174,"column":null}}},"fnMap":{"0":{"name":"(anonymous_0)","decl":{"start":{"line":49,"column":23},"end":{"line":49,"column":29}},"loc":{"start":{"line":49,"column":29},"end":{"line":175,"column":null}},"line":49},"1":{"name":"(anonymous_1)","decl":{"start":{"line":51,"column":49},"end":{"line":51,"column":55}},"loc":{"start":{"line":51,"column":55},"end":{"line":59,"column":5}},"line":51},"2":{"name":"(anonymous_2)","decl":{"start":{"line":62,"column":14},"end":{"line":62,"column":20}},"loc":{"start":{"line":62,"column":20},"end":{"line":64,"column":7}},"line":62},"3":{"name":"(anonymous_3)","decl":{"start":{"line":70,"column":34},"end":{"line":70,"column":35}},"loc":{"start":{"line":70,"column":114},"end":{"line":93,"column":7}},"line":70},"4":{"name":"(anonymous_4)","decl":{"start":{"line":72,"column":16},"end":{"line":72,"column":28}},"loc":{"start":{"line":72,"column":28},"end":{"line":92,"column":9}},"line":72},"5":{"name":"(anonymous_5)","decl":{"start":{"line":73,"column":47},"end":{"line":73,"column":null}},"loc":{"start":{"line":74,"column":16},"end":{"line":77,"column":null}},"line":74},"6":{"name":"(anonymous_6)","decl":{"start":{"line":81,"column":36},"end":{"line":81,"column":null}},"loc":{"start":{"line":82,"column":21},"end":{"line":87,"column":null}},"line":82},"7":{"name":"(anonymous_7)","decl":{"start":{"line":96,"column":39},"end":{"line":96,"column":40}},"loc":{"start":{"line":96,"column":77},"end":{"line":107,"column":7}},"line":96},"8":{"name":"(anonymous_8)","decl":{"start":{"line":99,"column":16},"end":{"line":99,"column":null}},"loc":{"start":{"line":100,"column":12},"end":{"line":105,"column":null}},"line":100},"9":{"name":"(anonymous_9)","decl":{"start":{"line":100,"column":25},"end":{"line":100,"column":33}},"loc":{"start":{"line":100,"column":33},"end":{"line":105,"column":13}},"line":100},"10":{"name":"(anonymous_10)","decl":{"start":{"line":110,"column":39},"end":{"line":110,"column":40}},"loc":{"start":{"line":110,"column":62},"end":{"line":113,"column":7}},"line":110},"11":{"name":"(anonymous_11)","decl":{"start":{"line":112,"column":16},"end":{"line":112,"column":28}},"loc":{"start":{"line":112,"column":28},"end":{"line":112,"column":74}},"line":112},"12":{"name":"(anonymous_12)","decl":{"start":{"line":112,"column":44},"end":{"line":112,"column":52}},"loc":{"start":{"line":112,"column":52},"end":{"line":112,"column":73}},"line":112},"13":{"name":"(anonymous_13)","decl":{"start":{"line":116,"column":34},"end":{"line":116,"column":40}},"loc":{"start":{"line":116,"column":40},"end":{"line":121,"column":7}},"line":116},"14":{"name":"(anonymous_14)","decl":{"start":{"line":124,"column":44},"end":{"line":124,"column":50}},"loc":{"start":{"line":124,"column":50},"end":{"line":129,"column":7}},"line":124},"15":{"name":"(anonymous_15)","decl":{"start":{"line":125,"column":27},"end":{"line":125,"column":35}},"loc":{"start":{"line":125,"column":35},"end":{"line":125,"column":40}},"line":125},"16":{"name":"(anonymous_16)","decl":{"start":{"line":132,"column":40},"end":{"line":132,"column":41}},"loc":{"start":{"line":132,"column":91},"end":{"line":145,"column":7}},"line":132},"17":{"name":"(anonymous_17)","decl":{"start":{"line":133,"column":25},"end":{"line":133,"column":33}},"loc":{"start":{"line":133,"column":33},"end":{"line":144,"column":9}},"line":133},"18":{"name":"(anonymous_18)","decl":{"start":{"line":148,"column":45},"end":{"line":148,"column":51}},"loc":{"start":{"line":148,"column":51},"end":{"line":160,"column":7}},"line":148},"19":{"name":"(anonymous_19)","decl":{"start":{"line":149,"column":33},"end":{"line":149,"column":41}},"loc":{"start":{"line":149,"column":41},"end":{"line":152,"column":9}},"line":149},"20":{"name":"(anonymous_20)","decl":{"start":{"line":152,"column":18},"end":{"line":152,"column":26}},"loc":{"start":{"line":152,"column":26},"end":{"line":152,"column":43}},"line":152}},"branchMap":{"0":{"loc":{"start":{"line":54,"column":19},"end":{"line":54,"column":null}},"type":"cond-expr","locations":[{"start":{"line":54,"column":31},"end":{"line":54,"column":55}},{"start":{"line":54,"column":55},"end":{"line":54,"column":null}}],"line":54},"1":{"loc":{"start":{"line":74,"column":16},"end":{"line":77,"column":null}},"type":"binary-expr","locations":[{"start":{"line":74,"column":16},"end":{"line":74,"column":null}},{"start":{"line":75,"column":16},"end":{"line":75,"column":null}},{"start":{"line":76,"column":16},"end":{"line":76,"column":null}},{"start":{"line":77,"column":16},"end":{"line":77,"column":null}}],"line":74},"2":{"loc":{"start":{"line":80,"column":12},"end":{"line":91,"column":null}},"type":"if","locations":[{"start":{"line":80,"column":12},"end":{"line":91,"column":null}},{"start":{"line":89,"column":19},"end":{"line":91,"column":null}}],"line":80},"3":{"loc":{"start":{"line":82,"column":21},"end":{"line":87,"column":null}},"type":"cond-expr","locations":[{"start":{"line":86,"column":26},"end":{"line":86,"column":null}},{"start":{"line":87,"column":26},"end":{"line":87,"column":null}}],"line":82},"4":{"loc":{"start":{"line":82,"column":21},"end":{"line":85,"column":null}},"type":"binary-expr","locations":[{"start":{"line":82,"column":21},"end":{"line":82,"column":null}},{"start":{"line":83,"column":24},"end":{"line":83,"column":null}},{"start":{"line":84,"column":24},"end":{"line":84,"column":null}},{"start":{"line":85,"column":24},"end":{"line":85,"column":null}}],"line":82},"5":{"loc":{"start":{"line":86,"column":64},"end":{"line":86,"column":87}},"type":"binary-expr","locations":[{"start":{"line":86,"column":64},"end":{"line":86,"column":84}},{"start":{"line":86,"column":84},"end":{"line":86,"column":87}}],"line":86},"6":{"loc":{"start":{"line":90,"column":84},"end":{"line":90,"column":106}},"type":"binary-expr","locations":[{"start":{"line":90,"column":84},"end":{"line":90,"column":104}},{"start":{"line":90,"column":104},"end":{"line":90,"column":106}}],"line":90},"7":{"loc":{"start":{"line":97,"column":8},"end":{"line":97,"column":null}},"type":"if","locations":[{"start":{"line":97,"column":8},"end":{"line":97,"column":null}},{"start":{},"end":{}}],"line":97},"8":{"loc":{"start":{"line":101,"column":16},"end":{"line":103,"column":null}},"type":"if","locations":[{"start":{"line":101,"column":16},"end":{"line":103,"column":null}},{"start":{},"end":{}}],"line":101},"9":{"loc":{"start":{"line":117,"column":8},"end":{"line":120,"column":null}},"type":"if","locations":[{"start":{"line":117,"column":8},"end":{"line":120,"column":null}},{"start":{},"end":{}}],"line":117},"10":{"loc":{"start":{"line":126,"column":8},"end":{"line":128,"column":null}},"type":"if","locations":[{"start":{"line":126,"column":8},"end":{"line":128,"column":null}},{"start":{},"end":{}}],"line":126},"11":{"loc":{"start":{"line":134,"column":31},"end":{"line":134,"column":null}},"type":"binary-expr","locations":[{"start":{"line":134,"column":31},"end":{"line":134,"column":47}},{"start":{"line":134,"column":47},"end":{"line":134,"column":null}}],"line":134},"12":{"loc":{"start":{"line":137,"column":12},"end":{"line":140,"column":null}},"type":"if","locations":[{"start":{"line":137,"column":12},"end":{"line":140,"column":null}},{"start":{},"end":{}}],"line":137},"13":{"loc":{"start":{"line":141,"column":12},"end":{"line":141,"column":null}},"type":"if","locations":[{"start":{"line":141,"column":12},"end":{"line":141,"column":null}},{"start":{},"end":{}}],"line":141},"14":{"loc":{"start":{"line":150,"column":28},"end":{"line":150,"column":null}},"type":"binary-expr","locations":[{"start":{"line":150,"column":28},"end":{"line":150,"column":54}},{"start":{"line":150,"column":54},"end":{"line":150,"column":null}}],"line":150},"15":{"loc":{"start":{"line":157,"column":8},"end":{"line":159,"column":null}},"type":"if","locations":[{"start":{"line":157,"column":8},"end":{"line":159,"column":null}},{"start":{},"end":{}}],"line":157}},"s":{"0":1,"1":31,"2":12,"3":12,"4":12,"5":0,"6":0,"7":31,"8":27,"9":31,"10":31,"11":31,"12":11,"13":11,"14":11,"15":1,"16":11,"17":1,"18":1,"19":10,"20":31,"21":3,"22":0,"23":3,"24":3,"25":3,"26":3,"27":3,"28":0,"29":31,"30":1,"31":1,"32":1,"33":1,"34":31,"35":2,"36":1,"37":1,"38":31,"39":5,"40":5,"41":5,"42":4,"43":31,"44":5,"45":5,"46":5,"47":5,"48":0,"49":0,"50":5,"51":0,"52":5,"53":31,"54":2,"55":2,"56":2,"57":2,"58":2,"59":2,"60":2,"61":1,"62":31},"f":{"0":31,"1":12,"2":27,"3":11,"4":11,"5":1,"6":1,"7":3,"8":3,"9":3,"10":1,"11":1,"12":1,"13":2,"14":5,"15":5,"16":5,"17":5,"18":2,"19":2,"20":2},"b":{"0":[0,12],"1":[1,1,1,1],"2":[1,10],"3":[1,0],"4":[1,1,1,1],"5":[1,0],"6":[10,0],"7":[0,3],"8":[3,0],"9":[1,1],"10":[4,1],"11":[5,3],"12":[0,5],"13":[0,5],"14":[2,0],"15":[1,1]},"meta":{"lastBranch":16,"lastFunction":21,"lastStatement":63,"seen":{"s:49:23:175:Infinity":0,"f:49:23:49:29":0,"s:51:24:59:Infinity":1,"f:51:49:51:55":1,"s:52:8:58:Infinity":2,"s:53:30:53:Infinity":3,"s:54:12:54:Infinity":4,"b:54:31:54:55:54:55:54:Infinity":0,"s:56:12:56:Infinity":5,"s:57:12:57:Infinity":6,"s:62:4:64:Infinity":7,"f:62:14:62:20":2,"s:63:8:63:Infinity":8,"s:66:42:66:Infinity":9,"s:67:46:67:Infinity":10,"s:70:10:93:Infinity":11,"f:70:34:70:35":3,"s:71:8:71:Infinity":12,"s:72:8:92:Infinity":13,"f:72:16:72:28":4,"s:73:33:78:Infinity":14,"f:73:47:73:Infinity":5,"s:74:16:77:Infinity":15,"b:74:16:74:Infinity:75:16:75:Infinity:76:16:76:Infinity:77:16:77:Infinity":1,"b:80:12:91:Infinity:89:19:91:Infinity":2,"s:80:12:91:Infinity":16,"s:81:16:88:Infinity":17,"f:81:36:81:Infinity":6,"s:82:21:87:Infinity":18,"b:86:26:86:Infinity:87:26:87:Infinity":3,"b:82:21:82:Infinity:83:24:83:Infinity:84:24:84:Infinity:85:24:85:Infinity":4,"b:86:64:86:84:86:84:86:87":5,"s:90:16:90:Infinity":19,"b:90:84:90:104:90:104:90:106":6,"s:96:10:107:Infinity":20,"f:96:39:96:40":7,"b:97:8:97:Infinity:undefined:undefined:undefined:undefined":7,"s:97:8:97:Infinity":21,"s:97:29:97:Infinity":22,"s:98:8:98:Infinity":23,"s:99:8:106:Infinity":24,"f:99:16:99:Infinity":8,"s:100:12:105:Infinity":25,"f:100:25:100:33":9,"b:101:16:103:Infinity:undefined:undefined:undefined:undefined":8,"s:101:16:103:Infinity":26,"s:102:20:102:Infinity":27,"s:104:16:104:Infinity":28,"s:110:10:113:Infinity":29,"f:110:39:110:40":10,"s:111:8:111:Infinity":30,"s:112:8:112:Infinity":31,"f:112:16:112:28":11,"s:112:28:112:74":32,"f:112:44:112:52":12,"s:112:52:112:73":33,"s:116:10:121:Infinity":34,"f:116:34:116:40":13,"b:117:8:120:Infinity:undefined:undefined:undefined:undefined":9,"s:117:8:120:Infinity":35,"s:118:12:118:Infinity":36,"s:119:12:119:Infinity":37,"s:124:10:129:Infinity":38,"f:124:44:124:50":14,"s:125:8:125:Infinity":39,"f:125:27:125:35":15,"s:125:35:125:40":40,"b:126:8:128:Infinity:undefined:undefined:undefined:undefined":10,"s:126:8:128:Infinity":41,"s:127:12:127:Infinity":42,"s:132:10:145:Infinity":43,"f:132:40:132:41":16,"s:133:8:144:Infinity":44,"f:133:25:133:33":17,"s:134:31:134:Infinity":45,"b:134:31:134:47:134:47:134:Infinity":11,"s:135:27:135:Infinity":46,"b:137:12:140:Infinity:undefined:undefined:undefined:undefined":12,"s:137:12:140:Infinity":47,"s:138:49:138:Infinity":48,"s:139:16:139:Infinity":49,"b:141:12:141:Infinity:undefined:undefined:undefined:undefined":13,"s:141:12:141:Infinity":50,"s:141:33:141:Infinity":51,"s:143:12:143:Infinity":52,"s:148:10:160:Infinity":53,"f:148:45:148:51":18,"s:149:24:152:Infinity":54,"f:149:33:149:41":19,"s:150:28:150:Infinity":55,"b:150:28:150:54:150:54:150:Infinity":14,"s:151:12:151:Infinity":56,"f:152:18:152:26":20,"s:152:26:152:43":57,"s:154:8:154:Infinity":58,"s:155:8:155:Infinity":59,"b:157:8:159:Infinity:undefined:undefined:undefined:undefined":15,"s:157:8:159:Infinity":60,"s:158:12:158:Infinity":61,"s:162:4:174:Infinity":62}}}
,"C:\\Users\\Emrullah\\OneDrive\\Desktop\\MOTTO\\MottoPos\\src\\hooks\\pos\\usePayment.ts": {"path":"C:\\Users\\Emrullah\\OneDrive\\Desktop\\MOTTO\\MottoPos\\src\\hooks\\pos\\usePayment.ts","statementMap":{"0":{"start":{"line":49,"column":26},"end":{"line":145,"column":null}},"1":{"start":{"line":50,"column":42},"end":{"line":50,"column":null}},"2":{"start":{"line":51,"column":32},"end":{"line":51,"column":null}},"3":{"start":{"line":52,"column":40},"end":{"line":52,"column":null}},"4":{"start":{"line":53,"column":36},"end":{"line":53,"column":null}},"5":{"start":{"line":54,"column":38},"end":{"line":54,"column":null}},"6":{"start":{"line":55,"column":44},"end":{"line":55,"column":null}},"7":{"start":{"line":56,"column":42},"end":{"line":56,"column":null}},"8":{"start":{"line":57,"column":34},"end":{"line":57,"column":null}},"9":{"start":{"line":60,"column":10},"end":{"line":66,"column":null}},"10":{"start":{"line":61,"column":8},"end":{"line":65,"column":null}},"11":{"start":{"line":62,"column":12},"end":{"line":62,"column":null}},"12":{"start":{"line":62,"column":28},"end":{"line":62,"column":null}},"13":{"start":{"line":63,"column":12},"end":{"line":63,"column":null}},"14":{"start":{"line":63,"column":28},"end":{"line":63,"column":null}},"15":{"start":{"line":64,"column":12},"end":{"line":64,"column":null}},"16":{"start":{"line":69,"column":10},"end":{"line":76,"column":null}},"17":{"start":{"line":70,"column":8},"end":{"line":75,"column":null}},"18":{"start":{"line":71,"column":12},"end":{"line":71,"column":null}},"19":{"start":{"line":71,"column":28},"end":{"line":71,"column":null}},"20":{"start":{"line":72,"column":12},"end":{"line":72,"column":null}},"21":{"start":{"line":72,"column":28},"end":{"line":72,"column":null}},"22":{"start":{"line":73,"column":12},"end":{"line":73,"column":null}},"23":{"start":{"line":73,"column":28},"end":{"line":73,"column":null}},"24":{"start":{"line":74,"column":12},"end":{"line":74,"column":null}},"25":{"start":{"line":79,"column":10},"end":{"line":85,"column":null}},"26":{"start":{"line":80,"column":8},"end":{"line":80,"column":null}},"27":{"start":{"line":81,"column":8},"end":{"line":81,"column":null}},"28":{"start":{"line":82,"column":8},"end":{"line":82,"column":null}},"29":{"start":{"line":83,"column":8},"end":{"line":83,"column":null}},"30":{"start":{"line":84,"column":8},"end":{"line":84,"column":null}},"31":{"start":{"line":88,"column":10},"end":{"line":91,"column":null}},"32":{"start":{"line":89,"column":8},"end":{"line":89,"column":null}},"33":{"start":{"line":90,"column":8},"end":{"line":90,"column":null}},"34":{"start":{"line":94,"column":10},"end":{"line":98,"column":null}},"35":{"start":{"line":95,"column":8},"end":{"line":95,"column":null}},"36":{"start":{"line":96,"column":8},"end":{"line":96,"column":null}},"37":{"start":{"line":97,"column":8},"end":{"line":97,"column":null}},"38":{"start":{"line":101,"column":10},"end":{"line":114,"column":null}},"39":{"start":{"line":102,"column":24},"end":{"line":102,"column":null}},"40":{"start":{"line":104,"column":8},"end":{"line":113,"column":null}},"41":{"start":{"line":106,"column":12},"end":{"line":106,"column":null}},"42":{"start":{"line":109,"column":12},"end":{"line":109,"column":null}},"43":{"start":{"line":110,"column":12},"end":{"line":110,"column":null}},"44":{"start":{"line":111,"column":12},"end":{"line":111,"column":null}},"45":{"start":{"line":112,"column":12},"end":{"line":112,"column":null}},"46":{"start":{"line":116,"column":4},"end":{"line":144,"column":null}}},"fnMap":{"0":{"name":"(anonymous_0)","decl":{"start":{"line":49,"column":26},"end":{"line":49,"column":32}},"loc":{"start":{"line":49,"column":32},"end":{"line":145,"column":null}},"line":49},"1":{"name":"(anonymous_1)","decl":{"start":{"line":60,"column":42},"end":{"line":60,"column":48}},"loc":{"start":{"line":60,"column":48},"end":{"line":66,"column":7}},"line":60},"2":{"name":"(anonymous_2)","decl":{"start":{"line":61,"column":24},"end":{"line":61,"column":32}},"loc":{"start":{"line":61,"column":32},"end":{"line":65,"column":9}},"line":61},"3":{"name":"(anonymous_3)","decl":{"start":{"line":69,"column":40},"end":{"line":69,"column":46}},"loc":{"start":{"line":69,"column":46},"end":{"line":76,"column":7}},"line":69},"4":{"name":"(anonymous_4)","decl":{"start":{"line":70,"column":22},"end":{"line":70,"column":30}},"loc":{"start":{"line":70,"column":30},"end":{"line":75,"column":9}},"line":70},"5":{"name":"(anonymous_5)","decl":{"start":{"line":79,"column":37},"end":{"line":79,"column":43}},"loc":{"start":{"line":79,"column":43},"end":{"line":85,"column":7}},"line":79},"6":{"name":"(anonymous_6)","decl":{"start":{"line":88,"column":42},"end":{"line":88,"column":48}},"loc":{"start":{"line":88,"column":48},"end":{"line":91,"column":7}},"line":88},"7":{"name":"(anonymous_7)","decl":{"start":{"line":94,"column":43},"end":{"line":94,"column":49}},"loc":{"start":{"line":94,"column":49},"end":{"line":98,"column":7}},"line":94},"8":{"name":"(anonymous_8)","decl":{"start":{"line":101,"column":45},"end":{"line":101,"column":46}},"loc":{"start":{"line":101,"column":88},"end":{"line":114,"column":7}},"line":101}},"branchMap":{"0":{"loc":{"start":{"line":62,"column":12},"end":{"line":62,"column":null}},"type":"if","locations":[{"start":{"line":62,"column":12},"end":{"line":62,"column":null}},{"start":{},"end":{}}],"line":62},"1":{"loc":{"start":{"line":63,"column":12},"end":{"line":63,"column":null}},"type":"if","locations":[{"start":{"line":63,"column":12},"end":{"line":63,"column":null}},{"start":{},"end":{}}],"line":63},"2":{"loc":{"start":{"line":71,"column":12},"end":{"line":71,"column":null}},"type":"if","locations":[{"start":{"line":71,"column":12},"end":{"line":71,"column":null}},{"start":{},"end":{}}],"line":71},"3":{"loc":{"start":{"line":72,"column":12},"end":{"line":72,"column":null}},"type":"if","locations":[{"start":{"line":72,"column":12},"end":{"line":72,"column":null}},{"start":{},"end":{}}],"line":72},"4":{"loc":{"start":{"line":73,"column":12},"end":{"line":73,"column":null}},"type":"if","locations":[{"start":{"line":73,"column":12},"end":{"line":73,"column":null}},{"start":{},"end":{}}],"line":73},"5":{"loc":{"start":{"line":104,"column":8},"end":{"line":113,"column":null}},"type":"if","locations":[{"start":{"line":104,"column":8},"end":{"line":113,"column":null}},{"start":{"line":107,"column":15},"end":{"line":113,"column":null}}],"line":104}},"s":{"0":1,"1":24,"2":24,"3":24,"4":24,"5":24,"6":24,"7":24,"8":24,"9":24,"10":5,"11":5,"12":1,"13":4,"14":4,"15":2,"16":24,"17":5,"18":5,"19":2,"20":3,"21":1,"22":2,"23":2,"24":1,"25":24,"26":1,"27":1,"28":1,"29":1,"30":1,"31":24,"32":2,"33":2,"34":24,"35":1,"36":1,"37":1,"38":24,"39":2,"40":2,"41":1,"42":1,"43":1,"44":1,"45":1,"46":24},"f":{"0":24,"1":5,"2":5,"3":5,"4":5,"5":1,"6":2,"7":1,"8":2},"b":{"0":[1,4],"1":[2,2],"2":[2,3],"3":[1,2],"4":[1,1],"5":[1,1]},"meta":{"lastBranch":6,"lastFunction":9,"lastStatement":47,"seen":{"s:49:26:145:Infinity":0,"f:49:26:49:32":0,"s:50:42:50:Infinity":1,"s:51:32:51:Infinity":2,"s:52:40:52:Infinity":3,"s:53:36:53:Infinity":4,"s:54:38:54:Infinity":5,"s:55:44:55:Infinity":6,"s:56:42:56:Infinity":7,"s:57:34:57:Infinity":8,"s:60:10:66:Infinity":9,"f:60:42:60:48":1,"s:61:8:65:Infinity":10,"f:61:24:61:32":2,"b:62:12:62:Infinity:undefined:undefined:undefined:undefined":0,"s:62:12:62:Infinity":11,"s:62:28:62:Infinity":12,"b:63:12:63:Infinity:undefined:undefined:undefined:undefined":1,"s:63:12:63:Infinity":13,"s:63:28:63:Infinity":14,"s:64:12:64:Infinity":15,"s:69:10:76:Infinity":16,"f:69:40:69:46":3,"s:70:8:75:Infinity":17,"f:70:22:70:30":4,"b:71:12:71:Infinity:undefined:undefined:undefined:undefined":2,"s:71:12:71:Infinity":18,"s:71:28:71:Infinity":19,"b:72:12:72:Infinity:undefined:undefined:undefined:undefined":3,"s:72:12:72:Infinity":20,"s:72:28:72:Infinity":21,"b:73:12:73:Infinity:undefined:undefined:undefined:undefined":4,"s:73:12:73:Infinity":22,"s:73:28:73:Infinity":23,"s:74:12:74:Infinity":24,"s:79:10:85:Infinity":25,"f:79:37:79:43":5,"s:80:8:80:Infinity":26,"s:81:8:81:Infinity":27,"s:82:8:82:Infinity":28,"s:83:8:83:Infinity":29,"s:84:8:84:Infinity":30,"s:88:10:91:Infinity":31,"f:88:42:88:48":6,"s:89:8:89:Infinity":32,"s:90:8:90:Infinity":33,"s:94:10:98:Infinity":34,"f:94:43:94:49":7,"s:95:8:95:Infinity":35,"s:96:8:96:Infinity":36,"s:97:8:97:Infinity":37,"s:101:10:114:Infinity":38,"f:101:45:101:46":8,"s:102:24:102:Infinity":39,"b:104:8:113:Infinity:107:15:113:Infinity":5,"s:104:8:113:Infinity":40,"s:106:12:106:Infinity":41,"s:109:12:109:Infinity":42,"s:110:12:110:Infinity":43,"s:111:12:111:Infinity":44,"s:112:12:112:Infinity":45,"s:116:4:144:Infinity":46}}}
,"C:\\Users\\Emrullah\\OneDrive\\Desktop\\MOTTO\\MottoPos\\src\\utils\\helpers.ts": {"path":"C:\\Users\\Emrullah\\OneDrive\\Desktop\\MOTTO\\MottoPos\\src\\utils\\helpers.ts","statementMap":{"0":{"start":{"line":4,"column":30},"end":{"line":5,"column":null}},"1":{"start":{"line":5,"column":4},"end":{"line":5,"column":null}},"2":{"start":{"line":8,"column":26},"end":{"line":9,"column":null}},"3":{"start":{"line":9,"column":4},"end":{"line":9,"column":null}},"4":{"start":{"line":12,"column":28},"end":{"line":22,"column":null}},"5":{"start":{"line":13,"column":4},"end":{"line":13,"column":null}},"6":{"start":{"line":13,"column":34},"end":{"line":13,"column":null}},"7":{"start":{"line":16,"column":4},"end":{"line":16,"column":null}},"8":{"start":{"line":16,"column":32},"end":{"line":16,"column":null}},"9":{"start":{"line":17,"column":4},"end":{"line":17,"column":null}},"10":{"start":{"line":17,"column":33},"end":{"line":17,"column":null}},"11":{"start":{"line":18,"column":4},"end":{"line":20,"column":null}},"12":{"start":{"line":19,"column":8},"end":{"line":19,"column":null}},"13":{"start":{"line":21,"column":4},"end":{"line":21,"column":null}},"14":{"start":{"line":26,"column":32},"end":{"line":34,"column":null}},"15":{"start":{"line":27,"column":4},"end":{"line":27,"column":null}},"16":{"start":{"line":27,"column":20},"end":{"line":27,"column":null}},"17":{"start":{"line":29,"column":18},"end":{"line":29,"column":null}},"18":{"start":{"line":30,"column":17},"end":{"line":30,"column":null}},"19":{"start":{"line":31,"column":4},"end":{"line":31,"column":null}},"20":{"start":{"line":31,"column":18},"end":{"line":31,"column":null}},"21":{"start":{"line":32,"column":4},"end":{"line":32,"column":null}},"22":{"start":{"line":32,"column":19},"end":{"line":32,"column":null}},"23":{"start":{"line":33,"column":4},"end":{"line":33,"column":null}},"24":{"start":{"line":37,"column":30},"end":{"line":40,"column":null}},"25":{"start":{"line":38,"column":14},"end":{"line":38,"column":null}},"26":{"start":{"line":39,"column":4},"end":{"line":39,"column":null}}},"fnMap":{"0":{"name":"(anonymous_0)","decl":{"start":{"line":4,"column":30},"end":{"line":4,"column":31}},"loc":{"start":{"line":5,"column":4},"end":{"line":5,"column":null}},"line":5},"1":{"name":"(anonymous_1)","decl":{"start":{"line":8,"column":26},"end":{"line":8,"column":27}},"loc":{"start":{"line":9,"column":4},"end":{"line":9,"column":null}},"line":9},"2":{"name":"(anonymous_2)","decl":{"start":{"line":12,"column":28},"end":{"line":12,"column":29}},"loc":{"start":{"line":12,"column":60},"end":{"line":22,"column":null}},"line":12},"3":{"name":"(anonymous_3)","decl":{"start":{"line":26,"column":32},"end":{"line":26,"column":33}},"loc":{"start":{"line":26,"column":67},"end":{"line":34,"column":null}},"line":26},"4":{"name":"(anonymous_4)","decl":{"start":{"line":37,"column":30},"end":{"line":37,"column":44}},"loc":{"start":{"line":37,"column":44},"end":{"line":40,"column":null}},"line":37}},"branchMap":{"0":{"loc":{"start":{"line":5,"column":98},"end":{"line":5,"column":109}},"type":"binary-expr","locations":[{"start":{"line":5,"column":98},"end":{"line":5,"column":108}},{"start":{"line":5,"column":108},"end":{"line":5,"column":109}}],"line":5},"1":{"loc":{"start":{"line":13,"column":4},"end":{"line":13,"column":null}},"type":"if","locations":[{"start":{"line":13,"column":4},"end":{"line":13,"column":null}},{"start":{},"end":{}}],"line":13},"2":{"loc":{"start":{"line":13,"column":41},"end":{"line":13,"column":null}},"type":"cond-expr","locations":[{"start":{"line":13,"column":67},"end":{"line":13,"column":83}},{"start":{"line":13,"column":83},"end":{"line":13,"column":null}}],"line":13},"3":{"loc":{"start":{"line":13,"column":83},"end":{"line":13,"column":null}},"type":"binary-expr","locations":[{"start":{"line":13,"column":83},"end":{"line":13,"column":101}},{"start":{"line":13,"column":101},"end":{"line":13,"column":null}}],"line":13},"4":{"loc":{"start":{"line":16,"column":4},"end":{"line":16,"column":null}},"type":"if","locations":[{"start":{"line":16,"column":4},"end":{"line":16,"column":null}},{"start":{},"end":{}}],"line":16},"5":{"loc":{"start":{"line":17,"column":4},"end":{"line":17,"column":null}},"type":"if","locations":[{"start":{"line":17,"column":4},"end":{"line":17,"column":null}},{"start":{},"end":{}}],"line":17},"6":{"loc":{"start":{"line":18,"column":4},"end":{"line":20,"column":null}},"type":"if","locations":[{"start":{"line":18,"column":4},"end":{"line":20,"column":null}},{"start":{},"end":{}}],"line":18},"7":{"loc":{"start":{"line":19,"column":15},"end":{"line":19,"column":null}},"type":"cond-expr","locations":[{"start":{"line":19,"column":45},"end":{"line":19,"column":61}},{"start":{"line":19,"column":61},"end":{"line":19,"column":null}}],"line":19},"8":{"loc":{"start":{"line":19,"column":61},"end":{"line":19,"column":null}},"type":"cond-expr","locations":[{"start":{"line":19,"column":89},"end":{"line":19,"column":103}},{"start":{"line":19,"column":103},"end":{"line":19,"column":null}}],"line":19},"9":{"loc":{"start":{"line":27,"column":4},"end":{"line":27,"column":null}},"type":"if","locations":[{"start":{"line":27,"column":4},"end":{"line":27,"column":null}},{"start":{},"end":{}}],"line":27},"10":{"loc":{"start":{"line":29,"column":18},"end":{"line":29,"column":null}},"type":"cond-expr","locations":[{"start":{"line":29,"column":50},"end":{"line":29,"column":73}},{"start":{"line":29,"column":73},"end":{"line":29,"column":null}}],"line":29},"11":{"loc":{"start":{"line":29,"column":73},"end":{"line":29,"column":null}},"type":"cond-expr","locations":[{"start":{"line":29,"column":92},"end":{"line":29,"column":113}},{"start":{"line":29,"column":113},"end":{"line":29,"column":null}}],"line":29},"12":{"loc":{"start":{"line":31,"column":4},"end":{"line":31,"column":null}},"type":"if","locations":[{"start":{"line":31,"column":4},"end":{"line":31,"column":null}},{"start":{},"end":{}}],"line":31},"13":{"loc":{"start":{"line":32,"column":4},"end":{"line":32,"column":null}},"type":"if","locations":[{"start":{"line":32,"column":4},"end":{"line":32,"column":null}},{"start":{},"end":{}}],"line":32}},"s":{"0":1,"1":3,"2":1,"3":0,"4":1,"5":0,"6":0,"7":0,"8":0,"9":0,"10":0,"11":0,"12":0,"13":0,"14":1,"15":0,"16":0,"17":0,"18":0,"19":0,"20":0,"21":0,"22":0,"23":0,"24":1,"25":0,"26":0},"f":{"0":3,"1":0,"2":0,"3":0,"4":0},"b":{"0":[3,1],"1":[0,0],"2":[0,0],"3":[0,0],"4":[0,0],"5":[0,0],"6":[0,0],"7":[0,0],"8":[0,0],"9":[0,0],"10":[0,0],"11":[0,0],"12":[0,0],"13":[0,0]},"meta":{"lastBranch":14,"lastFunction":5,"lastStatement":27,"seen":{"s:4:30:5:Infinity":0,"f:4:30:4:31":0,"s:5:4:5:Infinity":1,"b:5:98:5:108:5:108:5:109":0,"s:8:26:9:Infinity":2,"f:8:26:8:27":1,"s:9:4:9:Infinity":3,"s:12:28:22:Infinity":4,"f:12:28:12:29":2,"b:13:4:13:Infinity:undefined:undefined:undefined:undefined":1,"s:13:4:13:Infinity":5,"s:13:34:13:Infinity":6,"b:13:67:13:83:13:83:13:Infinity":2,"b:13:83:13:101:13:101:13:Infinity":3,"b:16:4:16:Infinity:undefined:undefined:undefined:undefined":4,"s:16:4:16:Infinity":7,"s:16:32:16:Infinity":8,"b:17:4:17:Infinity:undefined:undefined:undefined:undefined":5,"s:17:4:17:Infinity":9,"s:17:33:17:Infinity":10,"b:18:4:20:Infinity:undefined:undefined:undefined:undefined":6,"s:18:4:20:Infinity":11,"s:19:8:19:Infinity":12,"b:19:45:19:61:19:61:19:Infinity":7,"b:19:89:19:103:19:103:19:Infinity":8,"s:21:4:21:Infinity":13,"s:26:32:34:Infinity":14,"f:26:32:26:33":3,"b:27:4:27:Infinity:undefined:undefined:undefined:undefined":9,"s:27:4:27:Infinity":15,"s:27:20:27:Infinity":16,"s:29:18:29:Infinity":17,"b:29:50:29:73:29:73:29:Infinity":10,"b:29:92:29:113:29:113:29:Infinity":11,"s:30:17:30:Infinity":18,"b:31:4:31:Infinity:undefined:undefined:undefined:undefined":12,"s:31:4:31:Infinity":19,"s:31:18:31:Infinity":20,"b:32:4:32:Infinity:undefined:undefined:undefined:undefined":13,"s:32:4:32:Infinity":21,"s:32:19:32:Infinity":22,"s:33:4:33:Infinity":23,"s:37:30:40:Infinity":24,"f:37:30:37:44":4,"s:38:14:38:Infinity":25,"s:39:4:39:Infinity":26}}}
,"C:\\Users\\Emrullah\\OneDrive\\Desktop\\MOTTO\\MottoPos\\src\\utils\\pos\\calculations.ts": {"path":"C:\\Users\\Emrullah\\OneDrive\\Desktop\\MOTTO\\MottoPos\\src\\utils\\pos\\calculations.ts","statementMap":{"0":{"start":{"line":84,"column":31},"end":{"line":146,"column":null}},"1":{"start":{"line":94,"column":22},"end":{"line":94,"column":null}},"2":{"start":{"line":94,"column":59},"end":{"line":94,"column":97}},"3":{"start":{"line":95,"column":27},"end":{"line":98,"column":null}},"4":{"start":{"line":96,"column":28},"end":{"line":96,"column":null}},"5":{"start":{"line":97,"column":8},"end":{"line":97,"column":null}},"6":{"start":{"line":100,"column":22},"end":{"line":100,"column":null}},"7":{"start":{"line":101,"column":23},"end":{"line":101,"column":null}},"8":{"start":{"line":102,"column":19},"end":{"line":102,"column":null}},"9":{"start":{"line":103,"column":19},"end":{"line":103,"column":null}},"10":{"start":{"line":104,"column":27},"end":{"line":104,"column":null}},"11":{"start":{"line":106,"column":4},"end":{"line":117,"column":null}},"12":{"start":{"line":107,"column":23},"end":{"line":107,"column":null}},"13":{"start":{"line":108,"column":8},"end":{"line":112,"column":null}},"14":{"start":{"line":109,"column":12},"end":{"line":109,"column":null}},"15":{"start":{"line":110,"column":12},"end":{"line":110,"column":null}},"16":{"start":{"line":111,"column":12},"end":{"line":111,"column":null}},"17":{"start":{"line":113,"column":4},"end":{"line":117,"column":null}},"18":{"start":{"line":115,"column":8},"end":{"line":115,"column":null}},"19":{"start":{"line":116,"column":8},"end":{"line":116,"column":null}},"20":{"start":{"line":119,"column":22},"end":{"line":119,"column":null}},"21":{"start":{"line":120,"column":22},"end":{"line":120,"column":null}},"22":{"start":{"line":122,"column":19},"end":{"line":122,"column":null}},"23":{"start":{"line":123,"column":20},"end":{"line":123,"column":null}},"24":{"start":{"line":125,"column":4},"end":{"line":134,"column":null}},"25":{"start":{"line":126,"column":8},"end":{"line":126,"column":null}},"26":{"start":{"line":127,"column":8},"end":{"line":132,"column":null}},"27":{"start":{"line":128,"column":12},"end":{"line":128,"column":null}},"28":{"start":{"line":129,"column":12},"end":{"line":129,"column":null}},"29":{"start":{"line":131,"column":12},"end":{"line":131,"column":null}},"30":{"start":{"line":133,"column":8},"end":{"line":133,"column":null}},"31":{"start":{"line":133,"column":30},"end":{"line":133,"column":null}},"32":{"start":{"line":136,"column":4},"end":{"line":145,"column":null}},"33":{"start":{"line":148,"column":31},"end":{"line":154,"column":null}},"34":{"start":{"line":149,"column":14},"end":{"line":149,"column":null}},"35":{"start":{"line":150,"column":17},"end":{"line":150,"column":null}},"36":{"start":{"line":151,"column":18},"end":{"line":151,"column":null}},"37":{"start":{"line":152,"column":16},"end":{"line":152,"column":null}},"38":{"start":{"line":153,"column":4},"end":{"line":153,"column":null}},"39":{"start":{"line":156,"column":33},"end":{"line":163,"column":null}},"40":{"start":{"line":157,"column":4},"end":{"line":157,"column":null}},"41":{"start":{"line":157,"column":23},"end":{"line":157,"column":null}},"42":{"start":{"line":158,"column":4},"end":{"line":158,"column":null}},"43":{"start":{"line":158,"column":25},"end":{"line":158,"column":null}},"44":{"start":{"line":162,"column":4},"end":{"line":162,"column":null}},"45":{"start":{"line":165,"column":31},"end":{"line":171,"column":null}},"46":{"start":{"line":166,"column":4},"end":{"line":168,"column":null}},"47":{"start":{"line":167,"column":8},"end":{"line":167,"column":null}},"48":{"start":{"line":169,"column":4},"end":{"line":169,"column":null}},"49":{"start":{"line":169,"column":25},"end":{"line":169,"column":null}},"50":{"start":{"line":170,"column":4},"end":{"line":170,"column":null}},"51":{"start":{"line":182,"column":53},"end":{"line":187,"column":null}},"52":{"start":{"line":196,"column":27},"end":{"line":225,"column":null}},"53":{"start":{"line":197,"column":14},"end":{"line":197,"column":null}},"54":{"start":{"line":200,"column":24},"end":{"line":200,"column":null}},"55":{"start":{"line":200,"column":64},"end":{"line":200,"column":94}},"56":{"start":{"line":203,"column":18},"end":{"line":203,"column":null}},"57":{"start":{"line":204,"column":25},"end":{"line":204,"column":null}},"58":{"start":{"line":204,"column":46},"end":{"line":204,"column":73}},"59":{"start":{"line":205,"column":21},"end":{"line":205,"column":null}},"60":{"start":{"line":208,"column":19},"end":{"line":208,"column":null}},"61":{"start":{"line":209,"column":23},"end":{"line":209,"column":null}},"62":{"start":{"line":211,"column":4},"end":{"line":216,"column":null}},"63":{"start":{"line":212,"column":22},"end":{"line":212,"column":null}},"64":{"start":{"line":213,"column":32},"end":{"line":213,"column":null}},"65":{"start":{"line":214,"column":8},"end":{"line":214,"column":null}},"66":{"start":{"line":215,"column":8},"end":{"line":215,"column":null}},"67":{"start":{"line":218,"column":4},"end":{"line":224,"column":null}}},"fnMap":{"0":{"name":"(anonymous_0)","decl":{"start":{"line":84,"column":31},"end":{"line":84,"column":32}},"loc":{"start":{"line":93,"column":44},"end":{"line":146,"column":null}},"line":93},"1":{"name":"(anonymous_1)","decl":{"start":{"line":94,"column":42},"end":{"line":94,"column":43}},"loc":{"start":{"line":94,"column":59},"end":{"line":94,"column":97}},"line":94},"2":{"name":"(anonymous_2)","decl":{"start":{"line":95,"column":47},"end":{"line":95,"column":48}},"loc":{"start":{"line":95,"column":64},"end":{"line":98,"column":7}},"line":95},"3":{"name":"(anonymous_3)","decl":{"start":{"line":148,"column":31},"end":{"line":148,"column":45}},"loc":{"start":{"line":148,"column":45},"end":{"line":154,"column":null}},"line":148},"4":{"name":"(anonymous_4)","decl":{"start":{"line":156,"column":33},"end":{"line":156,"column":34}},"loc":{"start":{"line":156,"column":139},"end":{"line":163,"column":null}},"line":156},"5":{"name":"(anonymous_5)","decl":{"start":{"line":165,"column":31},"end":{"line":165,"column":32}},"loc":{"start":{"line":165,"column":135},"end":{"line":171,"column":null}},"line":165},"6":{"name":"(anonymous_6)","decl":{"start":{"line":196,"column":27},"end":{"line":196,"column":28}},"loc":{"start":{"line":196,"column":66},"end":{"line":225,"column":null}},"line":196},"7":{"name":"(anonymous_7)","decl":{"start":{"line":200,"column":56},"end":{"line":200,"column":64}},"loc":{"start":{"line":200,"column":64},"end":{"line":200,"column":94}},"line":200},"8":{"name":"(anonymous_8)","decl":{"start":{"line":204,"column":41},"end":{"line":204,"column":46}},"loc":{"start":{"line":204,"column":46},"end":{"line":204,"column":73}},"line":204}},"branchMap":{"0":{"loc":{"start":{"line":96,"column":28},"end":{"line":96,"column":null}},"type":"binary-expr","locations":[{"start":{"line":96,"column":28},"end":{"line":96,"column":54}},{"start":{"line":96,"column":54},"end":{"line":96,"column":null}}],"line":96},"1":{"loc":{"start":{"line":100,"column":22},"end":{"line":100,"column":null}},"type":"cond-expr","locations":[{"start":{"line":100,"column":40},"end":{"line":100,"column":57}},{"start":{"line":100,"column":57},"end":{"line":100,"column":null}}],"line":100},"2":{"loc":{"start":{"line":106,"column":4},"end":{"line":117,"column":null}},"type":"if","locations":[{"start":{"line":106,"column":4},"end":{"line":117,"column":null}},{"start":{"line":113,"column":4},"end":{"line":117,"column":null}}],"line":106},"3":{"loc":{"start":{"line":106,"column":8},"end":{"line":106,"column":81}},"type":"binary-expr","locations":[{"start":{"line":106,"column":8},"end":{"line":106,"column":26}},{"start":{"line":106,"column":26},"end":{"line":106,"column":41}},{"start":{"line":106,"column":41},"end":{"line":106,"column":81}}],"line":106},"4":{"loc":{"start":{"line":108,"column":8},"end":{"line":112,"column":null}},"type":"if","locations":[{"start":{"line":108,"column":8},"end":{"line":112,"column":null}},{"start":{},"end":{}}],"line":108},"5":{"loc":{"start":{"line":113,"column":4},"end":{"line":117,"column":null}},"type":"if","locations":[{"start":{"line":113,"column":4},"end":{"line":117,"column":null}},{"start":{},"end":{}}],"line":113},"6":{"loc":{"start":{"line":114,"column":13},"end":{"line":114,"column":49}},"type":"binary-expr","locations":[{"start":{"line":114,"column":13},"end":{"line":114,"column":33}},{"start":{"line":114,"column":33},"end":{"line":114,"column":49}}],"line":114},"7":{"loc":{"start":{"line":125,"column":4},"end":{"line":134,"column":null}},"type":"if","locations":[{"start":{"line":125,"column":4},"end":{"line":134,"column":null}},{"start":{},"end":{}}],"line":125},"8":{"loc":{"start":{"line":126,"column":27},"end":{"line":126,"column":null}},"type":"cond-expr","locations":[{"start":{"line":126,"column":41},"end":{"line":126,"column":78}},{"start":{"line":126,"column":78},"end":{"line":126,"column":null}}],"line":126},"9":{"loc":{"start":{"line":127,"column":8},"end":{"line":132,"column":null}},"type":"if","locations":[{"start":{"line":127,"column":8},"end":{"line":132,"column":null}},{"start":{"line":130,"column":15},"end":{"line":132,"column":null}}],"line":127},"10":{"loc":{"start":{"line":133,"column":8},"end":{"line":133,"column":null}},"type":"if","locations":[{"start":{"line":133,"column":8},"end":{"line":133,"column":null}},{"start":{},"end":{}}],"line":133},"11":{"loc":{"start":{"line":157,"column":4},"end":{"line":157,"column":null}},"type":"if","locations":[{"start":{"line":157,"column":4},"end":{"line":157,"column":null}},{"start":{},"end":{}}],"line":157},"12":{"loc":{"start":{"line":158,"column":4},"end":{"line":158,"column":null}},"type":"if","locations":[{"start":{"line":158,"column":4},"end":{"line":158,"column":null}},{"start":{},"end":{}}],"line":158},"13":{"loc":{"start":{"line":166,"column":4},"end":{"line":168,"column":null}},"type":"if","locations":[{"start":{"line":166,"column":4},"end":{"line":168,"column":null}},{"start":{},"end":{}}],"line":166},"14":{"loc":{"start":{"line":167,"column":16},"end":{"line":167,"column":null}},"type":"cond-expr","locations":[{"start":{"line":167,"column":58},"end":{"line":167,"column":78}},{"start":{"line":167,"column":78},"end":{"line":167,"column":null}}],"line":167},"15":{"loc":{"start":{"line":167,"column":16},"end":{"line":167,"column":58}},"type":"binary-expr","locations":[{"start":{"line":167,"column":16},"end":{"line":167,"column":31}},{"start":{"line":167,"column":31},"end":{"line":167,"column":58}}],"line":167},"16":{"loc":{"start":{"line":169,"column":4},"end":{"line":169,"column":null}},"type":"if","locations":[{"start":{"line":169,"column":4},"end":{"line":169,"column":null}},{"start":{},"end":{}}],"line":169},"17":{"loc":{"start":{"line":197,"column":14},"end":{"line":197,"column":null}},"type":"binary-expr","locations":[{"start":{"line":197,"column":14},"end":{"line":197,"column":32}},{"start":{"line":197,"column":32},"end":{"line":197,"column":null}}],"line":197},"18":{"loc":{"start":{"line":200,"column":24},"end":{"line":200,"column":null}},"type":"binary-expr","locations":[{"start":{"line":200,"column":24},"end":{"line":200,"column":99}},{"start":{"line":200,"column":99},"end":{"line":200,"column":null}}],"line":200},"19":{"loc":{"start":{"line":200,"column":64},"end":{"line":200,"column":94}},"type":"binary-expr","locations":[{"start":{"line":200,"column":64},"end":{"line":200,"column":81}},{"start":{"line":200,"column":81},"end":{"line":200,"column":94}}],"line":200},"20":{"loc":{"start":{"line":205,"column":21},"end":{"line":205,"column":null}},"type":"binary-expr","locations":[{"start":{"line":205,"column":21},"end":{"line":205,"column":48}},{"start":{"line":205,"column":48},"end":{"line":205,"column":null}}],"line":205},"21":{"loc":{"start":{"line":211,"column":4},"end":{"line":216,"column":null}},"type":"if","locations":[{"start":{"line":211,"column":4},"end":{"line":216,"column":null}},{"start":{},"end":{}}],"line":211},"22":{"loc":{"start":{"line":223,"column":22},"end":{"line":223,"column":null}},"type":"binary-expr","locations":[{"start":{"line":223,"column":22},"end":{"line":223,"column":40}},{"start":{"line":223,"column":40},"end":{"line":223,"column":null}}],"line":223}},"s":{"0":1,"1":6,"2":12,"3":6,"4":12,"5":12,"6":6,"7":6,"8":6,"9":6,"10":6,"11":6,"12":1,"13":1,"14":1,"15":1,"16":1,"17":5,"18":1,"19":1,"20":6,"21":6,"22":6,"23":6,"24":6,"25":1,"26":1,"27":1,"28":1,"29":0,"30":1,"31":1,"32":6,"33":1,"34":1,"35":1,"36":1,"37":1,"38":1,"39":1,"40":3,"41":1,"42":2,"43":2,"44":1,"45":1,"46":4,"47":2,"48":2,"49":1,"50":1,"51":1,"52":1,"53":3,"54":3,"55":6,"56":3,"57":3,"58":6,"59":3,"60":3,"61":3,"62":3,"63":2,"64":2,"65":2,"66":2,"67":3},"f":{"0":6,"1":12,"2":12,"3":1,"4":3,"5":4,"6":3,"7":6,"8":6},"b":{"0":[12,12],"1":[0,6],"2":[1,5],"3":[6,5,1],"4":[1,0],"5":[1,4],"6":[5,2],"7":[1,5],"8":[1,0],"9":[1,0],"10":[1,0],"11":[1,2],"12":[1,1],"13":[2,2],"14":[1,1],"15":[2,2],"16":[1,1],"17":[3,1],"18":[3,0],"19":[6,6],"20":[3,1],"21":[2,1],"22":[3,1]},"meta":{"lastBranch":23,"lastFunction":9,"lastStatement":68,"seen":{"s:84:31:146:Infinity":0,"f:84:31:84:32":0,"s:94:22:94:Infinity":1,"f:94:42:94:43":1,"s:94:59:94:97":2,"s:95:27:98:Infinity":3,"f:95:47:95:48":2,"s:96:28:96:Infinity":4,"b:96:28:96:54:96:54:96:Infinity":0,"s:97:8:97:Infinity":5,"s:100:22:100:Infinity":6,"b:100:40:100:57:100:57:100:Infinity":1,"s:101:23:101:Infinity":7,"s:102:19:102:Infinity":8,"s:103:19:103:Infinity":9,"s:104:27:104:Infinity":10,"b:106:4:117:Infinity:113:4:117:Infinity":2,"s:106:4:117:Infinity":11,"b:106:8:106:26:106:26:106:41:106:41:106:81":3,"s:107:23:107:Infinity":12,"b:108:8:112:Infinity:undefined:undefined:undefined:undefined":4,"s:108:8:112:Infinity":13,"s:109:12:109:Infinity":14,"s:110:12:110:Infinity":15,"s:111:12:111:Infinity":16,"b:113:4:117:Infinity:undefined:undefined:undefined:undefined":5,"s:113:4:117:Infinity":17,"b:114:13:114:33:114:33:114:49":6,"s:115:8:115:Infinity":18,"s:116:8:116:Infinity":19,"s:119:22:119:Infinity":20,"s:120:22:120:Infinity":21,"s:122:19:122:Infinity":22,"s:123:20:123:Infinity":23,"b:125:4:134:Infinity:undefined:undefined:undefined:undefined":7,"s:125:4:134:Infinity":24,"s:126:8:126:Infinity":25,"b:126:41:126:78:126:78:126:Infinity":8,"b:127:8:132:Infinity:130:15:132:Infinity":9,"s:127:8:132:Infinity":26,"s:128:12:128:Infinity":27,"s:129:12:129:Infinity":28,"s:131:12:131:Infinity":29,"b:133:8:133:Infinity:undefined:undefined:undefined:undefined":10,"s:133:8:133:Infinity":30,"s:133:30:133:Infinity":31,"s:136:4:145:Infinity":32,"s:148:31:154:Infinity":33,"f:148:31:148:45":3,"s:149:14:149:Infinity":34,"s:150:17:150:Infinity":35,"s:151:18:151:Infinity":36,"s:152:16:152:Infinity":37,"s:153:4:153:Infinity":38,"s:156:33:163:Infinity":39,"f:156:33:156:34":4,"b:157:4:157:Infinity:undefined:undefined:undefined:undefined":11,"s:157:4:157:Infinity":40,"s:157:23:157:Infinity":41,"b:158:4:158:Infinity:undefined:undefined:undefined:undefined":12,"s:158:4:158:Infinity":42,"s:158:25:158:Infinity":43,"s:162:4:162:Infinity":44,"s:165:31:171:Infinity":45,"f:165:31:165:32":5,"b:166:4:168:Infinity:undefined:undefined:undefined:undefined":13,"s:166:4:168:Infinity":46,"s:167:8:167:Infinity":47,"b:167:58:167:78:167:78:167:Infinity":14,"b:167:16:167:31:167:31:167:58":15,"b:169:4:169:Infinity:undefined:undefined:undefined:undefined":16,"s:169:4:169:Infinity":48,"s:169:25:169:Infinity":49,"s:170:4:170:Infinity":50,"s:182:53:187:Infinity":51,"s:196:27:225:Infinity":52,"f:196:27:196:28":6,"s:197:14:197:Infinity":53,"b:197:14:197:32:197:32:197:Infinity":17,"s:200:24:200:Infinity":54,"b:200:24:200:99:200:99:200:Infinity":18,"f:200:56:200:64":7,"s:200:64:200:94":55,"b:200:64:200:81:200:81:200:94":19,"s:203:18:203:Infinity":56,"s:204:25:204:Infinity":57,"f:204:41:204:46":8,"s:204:46:204:73":58,"s:205:21:205:Infinity":59,"b:205:21:205:48:205:48:205:Infinity":20,"s:208:19:208:Infinity":60,"s:209:23:209:Infinity":61,"b:211:4:216:Infinity:undefined:undefined:undefined:undefined":21,"s:211:4:216:Infinity":62,"s:212:22:212:Infinity":63,"s:213:32:213:Infinity":64,"s:214:8:214:Infinity":65,"s:215:8:215:Infinity":66,"s:218:4:224:Infinity":67,"b:223:22:223:40:223:40:223:Infinity":22}}}
,"C:\\Users\\Emrullah\\OneDrive\\Desktop\\MOTTO\\MottoPos\\src\\utils\\pos\\sounds.ts": {"path":"C:\\Users\\Emrullah\\OneDrive\\Desktop\\MOTTO\\MottoPos\\src\\utils\\pos\\sounds.ts","statementMap":{"0":{"start":{"line":9,"column":24},"end":{"line":27,"column":null}},"1":{"start":{"line":10,"column":4},"end":{"line":26,"column":null}},"2":{"start":{"line":11,"column":29},"end":{"line":11,"column":null}},"3":{"start":{"line":12,"column":8},"end":{"line":12,"column":null}},"4":{"start":{"line":12,"column":27},"end":{"line":12,"column":null}},"5":{"start":{"line":13,"column":20},"end":{"line":13,"column":null}},"6":{"start":{"line":14,"column":27},"end":{"line":14,"column":null}},"7":{"start":{"line":15,"column":25},"end":{"line":15,"column":null}},"8":{"start":{"line":16,"column":8},"end":{"line":16,"column":null}},"9":{"start":{"line":17,"column":8},"end":{"line":17,"column":null}},"10":{"start":{"line":18,"column":8},"end":{"line":18,"column":null}},"11":{"start":{"line":19,"column":8},"end":{"line":19,"column":null}},"12":{"start":{"line":20,"column":8},"end":{"line":20,"column":null}},"13":{"start":{"line":21,"column":8},"end":{"line":21,"column":null}},"14":{"start":{"line":22,"column":8},"end":{"line":22,"column":null}},"15":{"start":{"line":23,"column":8},"end":{"line":23,"column":null}},"16":{"start":{"line":25,"column":8},"end":{"line":25,"column":null}},"17":{"start":{"line":29,"column":29},"end":{"line":52,"column":null}},"18":{"start":{"line":30,"column":4},"end":{"line":51,"column":null}},"19":{"start":{"line":31,"column":29},"end":{"line":31,"column":null}},"20":{"start":{"line":32,"column":8},"end":{"line":32,"column":null}},"21":{"start":{"line":32,"column":27},"end":{"line":32,"column":null}},"22":{"start":{"line":33,"column":20},"end":{"line":33,"column":null}},"23":{"start":{"line":34,"column":25},"end":{"line":45,"column":null}},"24":{"start":{"line":35,"column":24},"end":{"line":35,"column":null}},"25":{"start":{"line":36,"column":25},"end":{"line":36,"column":null}},"26":{"start":{"line":37,"column":12},"end":{"line":37,"column":null}},"27":{"start":{"line":38,"column":12},"end":{"line":38,"column":null}},"28":{"start":{"line":39,"column":12},"end":{"line":39,"column":null}},"29":{"start":{"line":40,"column":12},"end":{"line":40,"column":null}},"30":{"start":{"line":41,"column":12},"end":{"line":41,"column":null}},"31":{"start":{"line":42,"column":12},"end":{"line":42,"column":null}},"32":{"start":{"line":43,"column":12},"end":{"line":43,"column":null}},"33":{"start":{"line":44,"column":12},"end":{"line":44,"column":null}},"34":{"start":{"line":46,"column":20},"end":{"line":46,"column":null}},"35":{"start":{"line":47,"column":8},"end":{"line":47,"column":null}},"36":{"start":{"line":48,"column":8},"end":{"line":48,"column":null}},"37":{"start":{"line":50,"column":8},"end":{"line":50,"column":null}},"38":{"start":{"line":54,"column":31},"end":{"line":73,"column":null}},"39":{"start":{"line":55,"column":4},"end":{"line":72,"column":null}},"40":{"start":{"line":56,"column":29},"end":{"line":56,"column":null}},"41":{"start":{"line":57,"column":8},"end":{"line":57,"column":null}},"42":{"start":{"line":57,"column":27},"end":{"line":57,"column":null}},"43":{"start":{"line":58,"column":20},"end":{"line":58,"column":null}},"44":{"start":{"line":59,"column":27},"end":{"line":59,"column":null}},"45":{"start":{"line":60,"column":25},"end":{"line":60,"column":null}},"46":{"start":{"line":61,"column":8},"end":{"line":61,"column":null}},"47":{"start":{"line":62,"column":8},"end":{"line":62,"column":null}},"48":{"start":{"line":63,"column":8},"end":{"line":63,"column":null}},"49":{"start":{"line":64,"column":8},"end":{"line":64,"column":null}},"50":{"start":{"line":65,"column":8},"end":{"line":65,"column":null}},"51":{"start":{"line":66,"column":8},"end":{"line":66,"column":null}},"52":{"start":{"line":67,"column":8},"end":{"line":67,"column":null}},"53":{"start":{"line":68,"column":8},"end":{"line":68,"column":null}},"54":{"start":{"line":69,"column":8},"end":{"line":69,"column":null}},"55":{"start":{"line":71,"column":8},"end":{"line":71,"column":null}}},"fnMap":{"0":{"name":"(anonymous_0)","decl":{"start":{"line":9,"column":24},"end":{"line":9,"column":36}},"loc":{"start":{"line":9,"column":36},"end":{"line":27,"column":null}},"line":9},"1":{"name":"(anonymous_1)","decl":{"start":{"line":29,"column":29},"end":{"line":29,"column":41}},"loc":{"start":{"line":29,"column":41},"end":{"line":52,"column":null}},"line":29},"2":{"name":"(anonymous_2)","decl":{"start":{"line":34,"column":25},"end":{"line":34,"column":26}},"loc":{"start":{"line":34,"column":75},"end":{"line":45,"column":null}},"line":34},"3":{"name":"(anonymous_3)","decl":{"start":{"line":54,"column":31},"end":{"line":54,"column":43}},"loc":{"start":{"line":54,"column":43},"end":{"line":73,"column":null}},"line":54}},"branchMap":{"0":{"loc":{"start":{"line":11,"column":29},"end":{"line":11,"column":null}},"type":"binary-expr","locations":[{"start":{"line":11,"column":29},"end":{"line":11,"column":52}},{"start":{"line":11,"column":52},"end":{"line":11,"column":null}}],"line":11},"1":{"loc":{"start":{"line":12,"column":8},"end":{"line":12,"column":null}},"type":"if","locations":[{"start":{"line":12,"column":8},"end":{"line":12,"column":null}},{"start":{},"end":{}}],"line":12},"2":{"loc":{"start":{"line":31,"column":29},"end":{"line":31,"column":null}},"type":"binary-expr","locations":[{"start":{"line":31,"column":29},"end":{"line":31,"column":52}},{"start":{"line":31,"column":52},"end":{"line":31,"column":null}}],"line":31},"3":{"loc":{"start":{"line":32,"column":8},"end":{"line":32,"column":null}},"type":"if","locations":[{"start":{"line":32,"column":8},"end":{"line":32,"column":null}},{"start":{},"end":{}}],"line":32},"4":{"loc":{"start":{"line":56,"column":29},"end":{"line":56,"column":null}},"type":"binary-expr","locations":[{"start":{"line":56,"column":29},"end":{"line":56,"column":52}},{"start":{"line":56,"column":52},"end":{"line":56,"column":null}}],"line":56},"5":{"loc":{"start":{"line":57,"column":8},"end":{"line":57,"column":null}},"type":"if","locations":[{"start":{"line":57,"column":8},"end":{"line":57,"column":null}},{"start":{},"end":{}}],"line":57}},"s":{"0":1,"1":14,"2":14,"3":14,"4":14,"5":0,"6":0,"7":0,"8":0,"9":0,"10":0,"11":0,"12":0,"13":0,"14":0,"15":0,"16":0,"17":1,"18":0,"19":0,"20":0,"21":0,"22":0,"23":0,"24":0,"25":0,"26":0,"27":0,"28":0,"29":0,"30":0,"31":0,"32":0,"33":0,"34":0,"35":0,"36":0,"37":0,"38":1,"39":1,"40":1,"41":1,"42":1,"43":0,"44":0,"45":0,"46":0,"47":0,"48":0,"49":0,"50":0,"51":0,"52":0,"53":0,"54":0,"55":0},"f":{"0":14,"1":0,"2":0,"3":1},"b":{"0":[14,14],"1":[14,0],"2":[0,0],"3":[0,0],"4":[1,1],"5":[1,0]},"meta":{"lastBranch":6,"lastFunction":4,"lastStatement":56,"seen":{"s:9:24:27:Infinity":0,"f:9:24:9:36":0,"s:10:4:26:Infinity":1,"s:11:29:11:Infinity":2,"b:11:29:11:52:11:52:11:Infinity":0,"b:12:8:12:Infinity:undefined:undefined:undefined:undefined":1,"s:12:8:12:Infinity":3,"s:12:27:12:Infinity":4,"s:13:20:13:Infinity":5,"s:14:27:14:Infinity":6,"s:15:25:15:Infinity":7,"s:16:8:16:Infinity":8,"s:17:8:17:Infinity":9,"s:18:8:18:Infinity":10,"s:19:8:19:Infinity":11,"s:20:8:20:Infinity":12,"s:21:8:21:Infinity":13,"s:22:8:22:Infinity":14,"s:23:8:23:Infinity":15,"s:25:8:25:Infinity":16,"s:29:29:52:Infinity":17,"f:29:29:29:41":1,"s:30:4:51:Infinity":18,"s:31:29:31:Infinity":19,"b:31:29:31:52:31:52:31:Infinity":2,"b:32:8:32:Infinity:undefined:undefined:undefined:undefined":3,"s:32:8:32:Infinity":20,"s:32:27:32:Infinity":21,"s:33:20:33:Infinity":22,"s:34:25:45:Infinity":23,"f:34:25:34:26":2,"s:35:24:35:Infinity":24,"s:36:25:36:Infinity":25,"s:37:12:37:Infinity":26,"s:38:12:38:Infinity":27,"s:39:12:39:Infinity":28,"s:40:12:40:Infinity":29,"s:41:12:41:Infinity":30,"s:42:12:42:Infinity":31,"s:43:12:43:Infinity":32,"s:44:12:44:Infinity":33,"s:46:20:46:Infinity":34,"s:47:8:47:Infinity":35,"s:48:8:48:Infinity":36,"s:50:8:50:Infinity":37,"s:54:31:73:Infinity":38,"f:54:31:54:43":3,"s:55:4:72:Infinity":39,"s:56:29:56:Infinity":40,"b:56:29:56:52:56:52:56:Infinity":4,"b:57:8:57:Infinity:undefined:undefined:undefined:undefined":5,"s:57:8:57:Infinity":41,"s:57:27:57:Infinity":42,"s:58:20:58:Infinity":43,"s:59:27:59:Infinity":44,"s:60:25:60:Infinity":45,"s:61:8:61:Infinity":46,"s:62:8:62:Infinity":47,"s:63:8:63:Infinity":48,"s:64:8:64:Infinity":49,"s:65:8:65:Infinity":50,"s:66:8:66:Infinity":51,"s:67:8:67:Infinity":52,"s:68:8:68:Infinity":53,"s:69:8:69:Infinity":54,"s:71:8:71:Infinity":55}}}
}
